<?xml version="1.0" encoding="UTF-8"?>
<testng-results ignored="4" total="6" passed="2" failed="0" skipped="0">
  <reporter-output>
  </reporter-output>
  <suite started-at="2020-09-08T16:03:45 AEST" name="Default suite" finished-at="2020-09-08T16:04:09 AEST" duration-ms="23610">
    <groups>
    </groups>
    <test started-at="2020-09-08T16:03:45 AEST" name="Default test" finished-at="2020-09-08T16:04:09 AEST" duration-ms="23610">
      <class name="Test.Tests">
        <test-method is-config="true" signature="beforeSuite()[pri:0, instance:Test.Tests@3aefe5e5]" started-at="2020-09-08T16:03:45 AEST" name="beforeSuite" finished-at="2020-09-08T16:03:45 AEST" duration-ms="8" status="PASS">
          <reporter-output>
          </reporter-output>
        </test-method> <!-- beforeSuite -->
        <test-method is-config="true" signature="beforeTest(java.lang.reflect.Method, org.testng.ITestResult)[pri:0, instance:Test.Tests@3aefe5e5]" started-at="2020-09-08T16:03:45 AEST" name="beforeTest" finished-at="2020-09-08T16:03:53 AEST" duration-ms="7433" status="PASS">
          <params>
            <param index="0">
              <value>
                <![CDATA[public void Test.Tests.Test1() throws java.lang.InterruptedException]]>
              </value>
            </param>
            <param index="1">
              <value>
                <![CDATA[[TestResult name={null} status=CREATED method=Tests.Test1()[pri:0, instance:Test.Tests@3aefe5e5] output={null}]]]>
              </value>
            </param>
          </params>
          <reporter-output>
          </reporter-output>
        </test-method> <!-- beforeTest -->
        <test-method signature="Test1()[pri:0, instance:Test.Tests@3aefe5e5]" started-at="2020-09-08T16:03:53 AEST" name="Test1" finished-at="2020-09-08T16:03:57 AEST" duration-ms="4548" status="PASS">
          <reporter-output>
          </reporter-output>
        </test-method> <!-- Test1 -->
        <test-method is-config="true" signature="afterTest(org.testng.ITestResult)[pri:0, instance:Test.Tests@3aefe5e5]" started-at="2020-09-08T16:03:57 AEST" name="afterTest" finished-at="2020-09-08T16:03:58 AEST" duration-ms="698" status="PASS">
          <params>
            <param index="0">
              <value>
                <![CDATA[[TestResult name=Test1 status=SUCCESS method=Tests.Test1()[pri:0, instance:Test.Tests@3aefe5e5] output={null}]]]>
              </value>
            </param>
          </params>
          <reporter-output>
          </reporter-output>
        </test-method> <!-- afterTest -->
        <test-method is-config="true" signature="beforeTest(java.lang.reflect.Method, org.testng.ITestResult)[pri:0, instance:Test.Tests@3aefe5e5]" started-at="2020-09-08T16:03:58 AEST" name="beforeTest" finished-at="2020-09-08T16:04:05 AEST" duration-ms="6995" status="PASS">
          <params>
            <param index="0">
              <value>
                <![CDATA[public void Test.Tests.Test2() throws java.lang.InterruptedException]]>
              </value>
            </param>
            <param index="1">
              <value>
                <![CDATA[[TestResult name={null} status=CREATED method=Tests.Test2()[pri:0, instance:Test.Tests@3aefe5e5] output={null}]]]>
              </value>
            </param>
          </params>
          <reporter-output>
          </reporter-output>
        </test-method> <!-- beforeTest -->
        <test-method signature="Test2()[pri:0, instance:Test.Tests@3aefe5e5]" started-at="2020-09-08T16:04:05 AEST" name="Test2" finished-at="2020-09-08T16:04:08 AEST" duration-ms="3145" status="PASS">
          <reporter-output>
          </reporter-output>
        </test-method> <!-- Test2 -->
        <test-method is-config="true" signature="afterTest(org.testng.ITestResult)[pri:0, instance:Test.Tests@3aefe5e5]" started-at="2020-09-08T16:04:08 AEST" name="afterTest" finished-at="2020-09-08T16:04:09 AEST" duration-ms="757" status="PASS">
          <params>
            <param index="0">
              <value>
                <![CDATA[[TestResult name=Test2 status=SUCCESS method=Tests.Test2()[pri:0, instance:Test.Tests@3aefe5e5] output={null}]]]>
              </value>
            </param>
          </params>
          <reporter-output>
          </reporter-output>
        </test-method> <!-- afterTest -->
        <test-method is-config="true" signature="afterSuite()[pri:0, instance:Test.Tests@3aefe5e5]" started-at="2020-09-08T16:04:09 AEST" name="afterSuite" finished-at="2020-09-08T16:04:09 AEST" duration-ms="0" status="PASS">
          <reporter-output>
          </reporter-output>
        </test-method> <!-- afterSuite -->
      </class> <!-- Test.Tests -->
    </test> <!-- Default test -->
  </suite> <!-- Default suite -->
</testng-results>
