<?xml version="1.0" encoding="UTF-8"?>
<testsuite xmlns:xsi="http://www.w3.org/2001/XMLSchema-instance" xsi:noNamespaceSchemaLocation="https://maven.apache.org/surefire/maven-surefire-plugin/xsd/surefire-test-report-3.0.xsd" version="3.0" name="TestSuite" time="29.257" tests="2" errors="0" skipped="0" failures="0">
  <properties>
[...]
</properties>
  <testcase name="Test" classname="Test.Tests" time="12.14">
    <system-err><![CDATA[Sep 09, 2020 10:17:19 AM org.openqa.selenium.remote.DesiredCapabilities chrome
INFO: Using `new ChromeOptions()` is preferred to `DesiredCapabilities.chrome()`
Sep 09, 2020 10:17:19 AM org.openqa.selenium.remote.DesiredCapabilities chrome
INFO: Using `new ChromeOptions()` is preferred to `DesiredCapabilities.chrome()`
SSttaarrttiinngg  CChhrroommeeDDrriivveerr  8844..00..44114477.3.03 0( 4(84b83b3ee88668b4cc0aa87eb48c1c409a5a17e96819409b65f196694909eb611f609a84-9ere1f10s/ab8-rarnefcsh/-hbreaandcsh/-41he4a7d@{s#/3411407})@{ #on3 1p0}o)r t o3n1 p4o4r7t
 O45nl2y1 2lo
Ocanll yc lonocnaelct cioonnsn eacrtei onsa llaorewe ad.llo
Pwleeda.s
e sPeleea hsett spse:e/ /htchtprsom:/ed/rcihrveorme.dchrrivoemri.ucmh.orrogm/isuecm.urorigt/y-secocnursiidteyr-acotniosindse froatri osnugs gfesorti osnusg goens tkieeopnisn go n ChkeroempeiDrngiv eChr rosmaefeD.riv
er safe.
CChhrroomemDreiDverr iwvaes rs tawratesd  ssutcacrestsefdul lys.uc
cessfully.
Sep 09, 2020 10:17:26 AM org.openqa.selenium.remote.ProtocolHandshake createSession
INFO: Detected dialect: W3C
Sep 09, 2020 10:17:26 AM org.openqa.selenium.remote.ProtocolHandshake createSession
INFO: Detected dialect: W3C
]]></system-err>
  </testcase>
  <testcase name="Test2" classname="Test.Tests2" time="14.415"/>
</testsuite>