<?xml version="1.0" encoding="UTF-8"?>
<testng-results ignored="0" total="2" passed="2" failed="0" skipped="0">
  <reporter-output>
  </reporter-output>
  <suite started-at="2020-09-09T10:30:21 AEST" name="Test-method Suite" finished-at="2020-09-09T10:30:41 AEST" duration-ms="19477">
    <groups>
    </groups>
    <test started-at="2020-09-09T10:30:21 AEST" name="Test-method test" finished-at="2020-09-09T10:30:41 AEST" duration-ms="19477">
      <class name="Test.Tests">
        <test-method is-config="true" signature="beforeTest(java.lang.reflect.Method)[pri:0, instance:Test.Tests@78691363]" started-at="2020-09-09T10:30:21 AEST" name="beforeTest" finished-at="2020-09-09T10:30:37 AEST" duration-ms="15422" status="PASS">
          <params>
            <param index="0">
              <value>
                <![CDATA[public void Test.Tests.Test() throws java.lang.InterruptedException]]>
              </value>
            </param>
          </params>
          <reporter-output>
          </reporter-output>
        </test-method> <!-- beforeTest -->
        <test-method signature="Test()[pri:0, instance:Test.Tests@78691363]" started-at="2020-09-09T10:30:37 AEST" name="Test" finished-at="2020-09-09T10:30:39 AEST" duration-ms="2504" status="PASS">
          <reporter-output>
          </reporter-output>
        </test-method> <!-- Test -->
        <test-method is-config="true" signature="afterTest(org.testng.ITestResult)[pri:0, instance:Test.Tests@78691363]" started-at="2020-09-09T10:30:39 AEST" name="afterTest" finished-at="2020-09-09T10:30:41 AEST" duration-ms="1515" status="PASS">
          <params>
            <param index="0">
              <value>
                <![CDATA[[TestResult name=Test status=SUCCESS method=Tests.Test()[pri:0, instance:Test.Tests@78691363] output={null}]]]>
              </value>
            </param>
          </params>
          <reporter-output>
          </reporter-output>
        </test-method> <!-- afterTest -->
      </class> <!-- Test.Tests -->
      <class name="Test.Tests2">
        <test-method is-config="true" signature="beforeTest(java.lang.reflect.Method)[pri:0, instance:Test.Tests2@41d477ed]" started-at="2020-09-09T10:30:21 AEST" name="beforeTest" finished-at="2020-09-09T10:30:36 AEST" duration-ms="14725" status="PASS">
          <params>
            <param index="0">
              <value>
                <![CDATA[public void Test.Tests2.Test2() throws java.lang.InterruptedException]]>
              </value>
            </param>
          </params>
          <reporter-output>
          </reporter-output>
        </test-method> <!-- beforeTest -->
        <test-method signature="Test2()[pri:0, instance:Test.Tests2@41d477ed]" started-at="2020-09-09T10:30:36 AEST" name="Test2" finished-at="2020-09-09T10:30:39 AEST" duration-ms="2837" status="PASS">
          <reporter-output>
          </reporter-output>
        </test-method> <!-- Test2 -->
        <test-method is-config="true" signature="afterTest(org.testng.ITestResult)[pri:0, instance:Test.Tests2@41d477ed]" started-at="2020-09-09T10:30:39 AEST" name="afterTest" finished-at="2020-09-09T10:30:41 AEST" duration-ms="1845" status="PASS">
          <params>
            <param index="0">
              <value>
                <![CDATA[[TestResult name=Test2 status=SUCCESS method=Tests2.Test2()[pri:0, instance:Test.Tests2@41d477ed] output={null}]]]>
              </value>
            </param>
          </params>
          <reporter-output>
          </reporter-output>
        </test-method> <!-- afterTest -->
      </class> <!-- Test.Tests2 -->
    </test> <!-- Test-method test -->
  </suite> <!-- Test-method Suite -->
</testng-results>
