<?xml version="1.0" encoding="UTF-8"?>
<testsuite xmlns:xsi="http://www.w3.org/2001/XMLSchema-instance" xsi:noNamespaceSchemaLocation="https://maven.apache.org/surefire/maven-surefire-plugin/xsd/surefire-test-report-3.0.xsd" version="3.0" name="TestSuite" time="29.683" tests="2" errors="0" skipped="0" failures="0">
  <properties>
[...]
</properties>
  <testcase name="Test" classname="Test.Tests" time="6.338">
    <system-err><![CDATA[SSttaarrttiinngg C hCrhormoemDerDirvievre r8 48.40..041.44714.73.03 0( 48(b483be836e88b648bc4cc0caa07aae781e4819459159169960b960fb669f46994e91e11100aa88--rerfefs/bsra/nbcrh-anhecha-dhse/a4d1s4/47@14{7#@31{#0}3)10 o}n)  ponor pto r3t2 137948
3O4nl
yO nlloyc lalo cacoln cnoecnnteictoinosn sar ea ralel oawleldo.we
d.Pl
ePasleea ssee es ehet thtptsp:s/:///cchhrromoemeddrriivevrer..cchrhoromimuium.mo.rogr/gs/seecucruritity-yc-coonsnisidedrerataitoinosns  fofror  ssuugggegestsitioonnss o no nk keeeepipinngg  CChhrroommeeDDrriivveer r ssaaffee..

ChromeDriver was started successfully.
ChromeDriver was started successfully.
Sep 09, 2020 3:30:23 PM org.openqa.selenium.remote.ProtocolHandshake createSession
INFO: Detected dialect: W3C
Sep 09, 2020 3:30:24 PM org.openqa.selenium.remote.ProtocolHandshake createSession
INFO: Detected dialect: W3C
]]></system-err>
  </testcase>
  <testcase name="Test2" classname="Test.Tests2" time="13.78">
    <system-err><![CDATA[Sep 09, 2020 3:30:42 PM org.openqa.selenium.os.OsProcess destroy
SEVERE: Unable to kill process java.lang.ProcessImpl@342c3fc0
]]></system-err>
  </testcase>
</testsuite>